  [1m[35m (344.4ms)[0m  [1m[35mCREATE DATABASE "Forkfull_development" ENCODING = 'unicode'[0m
  ↳ /Users/trevor/.rbenv/versions/2.5.1/bin/rails:23
  [1m[35m (64.9ms)[0m  [1m[35mCREATE DATABASE "Forkfull_test" ENCODING = 'unicode'[0m
  ↳ /Users/trevor/.rbenv/versions/2.5.1/bin/rails:23
  [1m[35m (31.9ms)[0m  [1m[35mCREATE DATABASE "Forkfull_development" ENCODING = 'unicode'[0m
  ↳ /Users/trevor/.rbenv/versions/2.5.1/bin/rails:23
  [1m[35m (1.1ms)[0m  [1m[35mCREATE DATABASE "Forkfull_test" ENCODING = 'unicode'[0m
  ↳ /Users/trevor/.rbenv/versions/2.5.1/bin/rails:23
  [1m[35m (25.3ms)[0m  [1m[35mCREATE TABLE "schema_migrations" ("version" character varying NOT NULL PRIMARY KEY)[0m
  ↳ /Users/trevor/.rbenv/versions/2.5.1/bin/rails:23
  [1m[35m (6.8ms)[0m  [1m[35mCREATE TABLE "ar_internal_metadata" ("key" character varying NOT NULL PRIMARY KEY, "value" character varying, "created_at" timestamp NOT NULL, "updated_at" timestamp NOT NULL)[0m
  ↳ /Users/trevor/.rbenv/versions/2.5.1/bin/rails:23
  [1m[35m (0.4ms)[0m  [1m[34mSELECT pg_try_advisory_lock(692626768931062665)[0m
  ↳ /Users/trevor/.rbenv/versions/2.5.1/bin/rails:23
  [1m[35m (0.5ms)[0m  [1m[34mSELECT "schema_migrations"."version" FROM "schema_migrations" ORDER BY "schema_migrations"."version" ASC[0m
  ↳ /Users/trevor/.rbenv/versions/2.5.1/bin/rails:23
Migrating to CreateUsers (20210208232025)
  [1m[35m (0.1ms)[0m  [1m[34mSELECT pg_advisory_unlock(692626768931062665)[0m
  ↳ /Users/trevor/.rbenv/versions/2.5.1/bin/rails:23
  [1m[35m (0.2ms)[0m  [1m[34mSELECT pg_try_advisory_lock(692626768931062665)[0m
  ↳ /Users/trevor/.rbenv/versions/2.5.1/bin/rails:23
  [1m[35m (1.6ms)[0m  [1m[34mSELECT "schema_migrations"."version" FROM "schema_migrations" ORDER BY "schema_migrations"."version" ASC[0m
  ↳ /Users/trevor/.rbenv/versions/2.5.1/bin/rails:23
Migrating to CreateUsers (20210208232025)
  [1m[35m (0.2ms)[0m  [1m[34mSELECT pg_advisory_unlock(692626768931062665)[0m
  ↳ /Users/trevor/.rbenv/versions/2.5.1/bin/rails:23
  [1m[35m (0.2ms)[0m  [1m[34mSELECT pg_try_advisory_lock(692626768931062665)[0m
  ↳ /Users/trevor/.rbenv/versions/2.5.1/bin/rails:23
  [1m[35m (2.0ms)[0m  [1m[34mSELECT "schema_migrations"."version" FROM "schema_migrations" ORDER BY "schema_migrations"."version" ASC[0m
  ↳ /Users/trevor/.rbenv/versions/2.5.1/bin/rails:23
Migrating to CreateUsers (20210208232025)
  [1m[35m (0.3ms)[0m  [1m[34mSELECT pg_advisory_unlock(692626768931062665)[0m
  ↳ /Users/trevor/.rbenv/versions/2.5.1/bin/rails:23
  [1m[35m (0.3ms)[0m  [1m[34mSELECT pg_try_advisory_lock(692626768931062665)[0m
  ↳ /Users/trevor/.rbenv/versions/2.5.1/bin/rails:23
  [1m[35m (2.4ms)[0m  [1m[34mSELECT "schema_migrations"."version" FROM "schema_migrations" ORDER BY "schema_migrations"."version" ASC[0m
  ↳ /Users/trevor/.rbenv/versions/2.5.1/bin/rails:23
Migrating to CreateUsers (20210208232025)
  [1m[35m (0.5ms)[0m  [1m[34mSELECT pg_advisory_unlock(692626768931062665)[0m
  ↳ /Users/trevor/.rbenv/versions/2.5.1/bin/rails:23
  [1m[35m (0.2ms)[0m  [1m[34mSELECT pg_try_advisory_lock(692626768931062665)[0m
  ↳ /Users/trevor/.rbenv/versions/2.5.1/bin/rails:23
  [1m[35m (1.8ms)[0m  [1m[34mSELECT "schema_migrations"."version" FROM "schema_migrations" ORDER BY "schema_migrations"."version" ASC[0m
  ↳ /Users/trevor/.rbenv/versions/2.5.1/bin/rails:23
Migrating to CreateUsers (20210208232025)
  [1m[35m (0.1ms)[0m  [1m[35mBEGIN[0m
  ↳ /Users/trevor/.rbenv/versions/2.5.1/bin/rails:23
  [1m[35m (41.8ms)[0m  [1m[35mCREATE TABLE "users" ("id" bigserial primary key, "email" character varying NOT NULL, "username" character varying NOT NULL, "password_digest" character varying NOT NULL, "session_token" character varying NOT NULL, "created_at" timestamp NOT NULL, "updated_at" timestamp NOT NULL)[0m
  ↳ db/migrate/20210208232025_create_users.rb:3
  [1m[35m (2.9ms)[0m  [1m[35mCREATE UNIQUE INDEX  "index_users_on_email" ON "users"  ("email")[0m
  ↳ db/migrate/20210208232025_create_users.rb:10
  [1m[35m (3.1ms)[0m  [1m[35mCREATE UNIQUE INDEX  "index_users_on_session_token" ON "users"  ("session_token")[0m
  ↳ db/migrate/20210208232025_create_users.rb:11
  [1m[36mActiveRecord::SchemaMigration Create (2.5ms)[0m  [1m[32mINSERT INTO "schema_migrations" ("version") VALUES ($1) RETURNING "version"[0m  [["version", "20210208232025"]]
  ↳ /Users/trevor/.rbenv/versions/2.5.1/bin/rails:23
  [1m[35m (7.2ms)[0m  [1m[35mCOMMIT[0m
  ↳ /Users/trevor/.rbenv/versions/2.5.1/bin/rails:23
  [1m[36mActiveRecord::InternalMetadata Load (4.1ms)[0m  [1m[34mSELECT  "ar_internal_metadata".* FROM "ar_internal_metadata" WHERE "ar_internal_metadata"."key" = $1 LIMIT $2[0m  [["key", "environment"], ["LIMIT", 1]]
  ↳ /Users/trevor/.rbenv/versions/2.5.1/bin/rails:23
  [1m[35m (0.1ms)[0m  [1m[35mBEGIN[0m
  ↳ /Users/trevor/.rbenv/versions/2.5.1/bin/rails:23
  [1m[36mActiveRecord::InternalMetadata Create (6.5ms)[0m  [1m[32mINSERT INTO "ar_internal_metadata" ("key", "value", "created_at", "updated_at") VALUES ($1, $2, $3, $4) RETURNING "key"[0m  [["key", "environment"], ["value", "development"], ["created_at", "2021-02-09 00:14:49.851689"], ["updated_at", "2021-02-09 00:14:49.851689"]]
  ↳ /Users/trevor/.rbenv/versions/2.5.1/bin/rails:23
  [1m[35m (0.2ms)[0m  [1m[35mCOMMIT[0m
  ↳ /Users/trevor/.rbenv/versions/2.5.1/bin/rails:23
  [1m[35m (0.3ms)[0m  [1m[34mSELECT pg_advisory_unlock(692626768931062665)[0m
  ↳ /Users/trevor/.rbenv/versions/2.5.1/bin/rails:23
  [1m[35m (0.5ms)[0m  [1m[34mSELECT "schema_migrations"."version" FROM "schema_migrations" ORDER BY "schema_migrations"."version" ASC[0m
  ↳ /Users/trevor/.rbenv/versions/2.5.1/bin/rails:23
Started GET "/" for ::1 at 2021-02-08 21:02:46 -0800
  [1m[35m (18.1ms)[0m  [1m[34mSELECT "schema_migrations"."version" FROM "schema_migrations" ORDER BY "schema_migrations"."version" ASC[0m
  ↳ /Users/trevor/.rbenv/versions/2.5.1/lib/ruby/gems/2.5.0/gems/activerecord-5.2.4.4/lib/active_record/log_subscriber.rb:98

ActionController::RoutingError - uninitialized constant StaticPagesController:

Started POST "/__better_errors/42760824928ff8b0/variables" for ::1 at 2021-02-08 21:02:47 -0800
Started GET "/" for ::1 at 2021-02-08 21:05:42 -0800
Processing by StaticPagesController#root as HTML
  Rendering static_pages/root.html.erb within layouts/application
  Rendered static_pages/root.html.erb within layouts/application (1.0ms)
Completed 200 OK in 2411ms (Views: 2402.8ms | ActiveRecord: 0.0ms)


Started GET "/" for ::1 at 2021-02-08 21:10:40 -0800
Processing by StaticPagesController#root as HTML
  Rendering static_pages/root.html.erb within layouts/application
  Rendered static_pages/root.html.erb within layouts/application (0.5ms)
Completed 200 OK in 222ms (Views: 177.3ms | ActiveRecord: 0.0ms)


Started GET "/" for ::1 at 2021-02-08 21:12:04 -0800
Processing by StaticPagesController#root as HTML
  Rendering static_pages/root.html.erb within layouts/application
  Rendered static_pages/root.html.erb within layouts/application (0.3ms)
Completed 200 OK in 654ms (Views: 641.9ms | ActiveRecord: 0.0ms)


Started GET "/" for ::1 at 2021-02-08 21:20:08 -0800
Processing by StaticPagesController#root as HTML
  Rendering static_pages/root.html.erb within layouts/application
  Rendered static_pages/root.html.erb within layouts/application (0.2ms)
Completed 200 OK in 21ms (Views: 19.2ms | ActiveRecord: 0.0ms)


Started GET "/" for ::1 at 2021-02-08 21:20:10 -0800
Processing by StaticPagesController#root as HTML
  Rendering static_pages/root.html.erb within layouts/application
  Rendered static_pages/root.html.erb within layouts/application (1.3ms)
Completed 200 OK in 28ms (Views: 24.9ms | ActiveRecord: 0.0ms)


Started GET "/" for ::1 at 2021-02-08 21:20:15 -0800
Processing by StaticPagesController#root as HTML
  Rendering static_pages/root.html.erb within layouts/application
  Rendered static_pages/root.html.erb within layouts/application (1.0ms)
Completed 200 OK in 34ms (Views: 30.2ms | ActiveRecord: 0.0ms)


Started GET "/" for ::1 at 2021-02-08 21:44:47 -0800
Processing by StaticPagesController#root as HTML
  Rendering static_pages/root.html.erb within layouts/application
  Rendered static_pages/root.html.erb within layouts/application (0.5ms)
Completed 200 OK in 224ms (Views: 217.9ms | ActiveRecord: 0.0ms)


Started GET "/" for ::1 at 2021-02-08 21:44:48 -0800
Processing by StaticPagesController#root as HTML
  Rendering static_pages/root.html.erb within layouts/application
  Rendered static_pages/root.html.erb within layouts/application (0.4ms)
Completed 200 OK in 38ms (Views: 36.1ms | ActiveRecord: 0.0ms)


Started GET "/" for ::1 at 2021-02-08 21:44:48 -0800
Processing by StaticPagesController#root as HTML
  Rendering static_pages/root.html.erb within layouts/application
  Rendered static_pages/root.html.erb within layouts/application (0.7ms)
Completed 200 OK in 21ms (Views: 19.2ms | ActiveRecord: 0.0ms)


Started GET "/" for ::1 at 2021-02-08 21:44:51 -0800
Processing by StaticPagesController#root as HTML
  Rendering static_pages/root.html.erb within layouts/application
  Rendered static_pages/root.html.erb within layouts/application (0.7ms)
Completed 200 OK in 45ms (Views: 41.2ms | ActiveRecord: 0.0ms)


Started GET "/" for ::1 at 2021-02-08 21:45:45 -0800
Processing by StaticPagesController#root as HTML
  Rendering static_pages/root.html.erb within layouts/application
  Rendered static_pages/root.html.erb within layouts/application (0.5ms)
Completed 200 OK in 99ms (Views: 93.9ms | ActiveRecord: 0.0ms)


Started GET "/" for ::1 at 2021-02-08 21:45:47 -0800
Processing by StaticPagesController#root as HTML
  Rendering static_pages/root.html.erb within layouts/application
  Rendered static_pages/root.html.erb within layouts/application (0.7ms)
Completed 200 OK in 41ms (Views: 39.3ms | ActiveRecord: 0.0ms)


Started GET "/" for ::1 at 2021-02-08 21:48:24 -0800
Processing by StaticPagesController#root as HTML
  Rendering static_pages/root.html.erb within layouts/application
  Rendered static_pages/root.html.erb within layouts/application (1.3ms)
Completed 200 OK in 429ms (Views: 421.8ms | ActiveRecord: 0.0ms)


Started GET "/" for ::1 at 2021-02-08 21:49:36 -0800
Processing by StaticPagesController#root as HTML
  Rendering static_pages/root.html.erb within layouts/application
  Rendered static_pages/root.html.erb within layouts/application (0.5ms)
Completed 200 OK in 207ms (Views: 201.9ms | ActiveRecord: 0.0ms)


Started GET "/" for ::1 at 2021-02-08 21:51:02 -0800
Processing by StaticPagesController#root as HTML
  Rendering static_pages/root.html.erb within layouts/application
  Rendered static_pages/root.html.erb within layouts/application (0.3ms)
Completed 200 OK in 226ms (Views: 223.2ms | ActiveRecord: 0.0ms)


Started GET "/" for ::1 at 2021-02-08 21:51:03 -0800
Processing by StaticPagesController#root as HTML
  Rendering static_pages/root.html.erb within layouts/application
  Rendered static_pages/root.html.erb within layouts/application (0.7ms)
Completed 200 OK in 20ms (Views: 18.7ms | ActiveRecord: 0.0ms)


Started GET "/" for ::1 at 2021-02-08 21:51:09 -0800
Processing by StaticPagesController#root as HTML
  Rendering static_pages/root.html.erb within layouts/application
  Rendered static_pages/root.html.erb within layouts/application (0.5ms)
Completed 200 OK in 38ms (Views: 32.0ms | ActiveRecord: 0.0ms)


Started GET "/" for ::1 at 2021-02-08 21:54:26 -0800
Processing by StaticPagesController#root as HTML
  Rendering static_pages/root.html.erb within layouts/application
  Rendered static_pages/root.html.erb within layouts/application (1.0ms)
Completed 200 OK in 45ms (Views: 38.4ms | ActiveRecord: 0.0ms)


Started GET "/" for ::1 at 2021-02-08 21:54:31 -0800
Processing by StaticPagesController#root as HTML
  Rendering static_pages/root.html.erb within layouts/application
  Rendered static_pages/root.html.erb within layouts/application (0.5ms)
Completed 200 OK in 32ms (Views: 29.0ms | ActiveRecord: 0.0ms)


Started GET "/" for ::1 at 2021-02-08 21:56:57 -0800
Processing by StaticPagesController#root as HTML
  Rendering static_pages/root.html.erb within layouts/application
  Rendered static_pages/root.html.erb within layouts/application (1.5ms)
Completed 200 OK in 245ms (Views: 240.1ms | ActiveRecord: 0.0ms)


Started GET "/" for ::1 at 2021-02-08 21:56:58 -0800
Processing by StaticPagesController#root as HTML
  Rendering static_pages/root.html.erb within layouts/application
  Rendered static_pages/root.html.erb within layouts/application (0.3ms)
Completed 200 OK in 21ms (Views: 18.8ms | ActiveRecord: 0.0ms)


Started GET "/" for ::1 at 2021-02-08 21:56:58 -0800
Processing by StaticPagesController#root as HTML
  Rendering static_pages/root.html.erb within layouts/application
  Rendered static_pages/root.html.erb within layouts/application (0.3ms)
Completed 200 OK in 19ms (Views: 17.5ms | ActiveRecord: 0.0ms)


Started GET "/" for ::1 at 2021-02-08 22:00:22 -0800
Processing by StaticPagesController#root as HTML
  Rendering static_pages/root.html.erb within layouts/application
  Rendered static_pages/root.html.erb within layouts/application (0.3ms)
Completed 200 OK in 38ms (Views: 36.2ms | ActiveRecord: 0.0ms)


Started GET "/" for ::1 at 2021-02-08 22:00:23 -0800
Processing by StaticPagesController#root as HTML
  Rendering static_pages/root.html.erb within layouts/application
  Rendered static_pages/root.html.erb within layouts/application (0.3ms)
Completed 200 OK in 30ms (Views: 27.1ms | ActiveRecord: 0.0ms)


Started GET "/" for ::1 at 2021-02-08 22:00:24 -0800
Processing by StaticPagesController#root as HTML
  Rendering static_pages/root.html.erb within layouts/application
  Rendered static_pages/root.html.erb within layouts/application (0.4ms)
Completed 200 OK in 30ms (Views: 27.6ms | ActiveRecord: 0.0ms)


Started GET "/" for ::1 at 2021-02-08 22:00:24 -0800
Processing by StaticPagesController#root as HTML
  Rendering static_pages/root.html.erb within layouts/application
  Rendered static_pages/root.html.erb within layouts/application (0.3ms)
Completed 200 OK in 19ms (Views: 17.4ms | ActiveRecord: 0.0ms)


Started GET "/" for ::1 at 2021-02-08 22:00:24 -0800
Processing by StaticPagesController#root as HTML
  Rendering static_pages/root.html.erb within layouts/application
  Rendered static_pages/root.html.erb within layouts/application (0.2ms)
Completed 200 OK in 18ms (Views: 16.7ms | ActiveRecord: 0.0ms)


Started GET "/" for ::1 at 2021-02-08 22:00:24 -0800
Processing by StaticPagesController#root as HTML
  Rendering static_pages/root.html.erb within layouts/application
  Rendered static_pages/root.html.erb within layouts/application (0.2ms)
Completed 200 OK in 16ms (Views: 14.7ms | ActiveRecord: 0.0ms)


Started GET "/" for ::1 at 2021-02-08 22:00:24 -0800
Processing by StaticPagesController#root as HTML
  Rendering static_pages/root.html.erb within layouts/application
  Rendered static_pages/root.html.erb within layouts/application (0.2ms)
Completed 200 OK in 22ms (Views: 20.1ms | ActiveRecord: 0.0ms)


Started GET "/" for ::1 at 2021-02-08 22:01:08 -0800
Processing by StaticPagesController#root as HTML
  Rendering static_pages/root.html.erb within layouts/application
  Rendered static_pages/root.html.erb within layouts/application (1.2ms)
Completed 200 OK in 41ms (Views: 35.2ms | ActiveRecord: 0.0ms)


Started GET "/" for ::1 at 2021-02-09 10:01:45 -0800
Processing by StaticPagesController#root as HTML
  Rendering static_pages/root.html.erb within layouts/application
  Rendered static_pages/root.html.erb within layouts/application (2.3ms)
Completed 200 OK in 341ms (Views: 331.5ms | ActiveRecord: 0.0ms)


Started GET "/" for ::1 at 2021-02-09 10:01:48 -0800
Processing by StaticPagesController#root as HTML
  Rendering static_pages/root.html.erb within layouts/application
  Rendered static_pages/root.html.erb within layouts/application (0.8ms)
Completed 200 OK in 31ms (Views: 26.8ms | ActiveRecord: 0.0ms)


Started GET "/" for ::1 at 2021-02-09 10:10:42 -0800
Processing by StaticPagesController#root as HTML
  Rendering static_pages/root.html.erb within layouts/application
  Rendered static_pages/root.html.erb within layouts/application (0.6ms)
Completed 200 OK in 33ms (Views: 26.7ms | ActiveRecord: 0.0ms)


Started GET "/" for ::1 at 2021-02-09 10:13:49 -0800
Processing by StaticPagesController#root as HTML
  Rendering static_pages/root.html.erb within layouts/application
  Rendered static_pages/root.html.erb within layouts/application (0.6ms)
Completed 200 OK in 315ms (Views: 311.8ms | ActiveRecord: 0.0ms)


Started GET "/" for ::1 at 2021-02-09 10:40:14 -0800
Processing by StaticPagesController#root as HTML
  Rendering static_pages/root.html.erb within layouts/application
  Rendered static_pages/root.html.erb within layouts/application (0.4ms)
Completed 200 OK in 278ms (Views: 271.3ms | ActiveRecord: 0.0ms)


Started GET "/" for ::1 at 2021-02-09 10:43:11 -0800
Processing by StaticPagesController#root as HTML
  Rendering static_pages/root.html.erb within layouts/application
  Rendered static_pages/root.html.erb within layouts/application (1.3ms)
Completed 200 OK in 305ms (Views: 298.4ms | ActiveRecord: 0.0ms)


Started GET "/" for ::1 at 2021-02-09 10:49:37 -0800
Processing by StaticPagesController#root as HTML
  Rendering static_pages/root.html.erb within layouts/application
  Rendered static_pages/root.html.erb within layouts/application (0.8ms)
Completed 200 OK in 44ms (Views: 38.1ms | ActiveRecord: 0.0ms)


Started GET "/" for ::1 at 2021-02-09 10:49:39 -0800
Processing by StaticPagesController#root as HTML
  Rendering static_pages/root.html.erb within layouts/application
  Rendered static_pages/root.html.erb within layouts/application (0.7ms)
Completed 200 OK in 35ms (Views: 30.9ms | ActiveRecord: 0.0ms)


Started GET "/" for ::1 at 2021-02-09 11:07:49 -0800
Processing by StaticPagesController#root as HTML
  Rendering static_pages/root.html.erb within layouts/application
  Rendered static_pages/root.html.erb within layouts/application (1.3ms)
Completed 200 OK in 291ms (Views: 282.0ms | ActiveRecord: 0.0ms)


Started GET "/" for ::1 at 2021-02-09 11:07:56 -0800
Processing by StaticPagesController#root as HTML
  Rendering static_pages/root.html.erb within layouts/application
  Rendered static_pages/root.html.erb within layouts/application (1.2ms)
Completed 200 OK in 33ms (Views: 29.6ms | ActiveRecord: 0.0ms)


Started GET "/" for ::1 at 2021-02-09 11:07:56 -0800
Processing by StaticPagesController#root as HTML
  Rendering static_pages/root.html.erb within layouts/application
  Rendered static_pages/root.html.erb within layouts/application (0.2ms)
Completed 200 OK in 16ms (Views: 14.6ms | ActiveRecord: 0.0ms)


Started GET "/" for ::1 at 2021-02-09 11:07:57 -0800
Processing by StaticPagesController#root as HTML
  Rendering static_pages/root.html.erb within layouts/application
  Rendered static_pages/root.html.erb within layouts/application (0.5ms)
Completed 200 OK in 16ms (Views: 14.3ms | ActiveRecord: 0.0ms)


Started GET "/" for ::1 at 2021-02-09 11:07:57 -0800
Processing by StaticPagesController#root as HTML
  Rendering static_pages/root.html.erb within layouts/application
  Rendered static_pages/root.html.erb within layouts/application (0.3ms)
Completed 200 OK in 23ms (Views: 21.1ms | ActiveRecord: 0.0ms)


Started GET "/" for ::1 at 2021-02-09 11:07:57 -0800
Processing by StaticPagesController#root as HTML
  Rendering static_pages/root.html.erb within layouts/application
  Rendered static_pages/root.html.erb within layouts/application (0.2ms)
Completed 200 OK in 20ms (Views: 19.0ms | ActiveRecord: 0.0ms)


Started GET "/" for ::1 at 2021-02-09 11:07:57 -0800
Processing by StaticPagesController#root as HTML
  Rendering static_pages/root.html.erb within layouts/application
  Rendered static_pages/root.html.erb within layouts/application (0.3ms)
Completed 200 OK in 18ms (Views: 16.2ms | ActiveRecord: 0.0ms)


Started GET "/" for ::1 at 2021-02-09 11:09:40 -0800
Processing by StaticPagesController#root as HTML
  Rendering static_pages/root.html.erb within layouts/application
  Rendered static_pages/root.html.erb within layouts/application (0.7ms)
Completed 200 OK in 246ms (Views: 240.8ms | ActiveRecord: 0.0ms)


Started GET "/" for ::1 at 2021-02-09 11:11:48 -0800
Processing by StaticPagesController#root as HTML
  Rendering static_pages/root.html.erb within layouts/application
  Rendered static_pages/root.html.erb within layouts/application (2.0ms)
Completed 200 OK in 239ms (Views: 231.4ms | ActiveRecord: 0.0ms)


Started GET "/" for ::1 at 2021-02-09 11:11:49 -0800
Processing by StaticPagesController#root as HTML
  Rendering static_pages/root.html.erb within layouts/application
  Rendered static_pages/root.html.erb within layouts/application (0.6ms)
Completed 200 OK in 27ms (Views: 25.9ms | ActiveRecord: 0.0ms)


Started GET "/" for ::1 at 2021-02-09 11:11:49 -0800
Processing by StaticPagesController#root as HTML
  Rendering static_pages/root.html.erb within layouts/application
  Rendered static_pages/root.html.erb within layouts/application (0.3ms)
Completed 200 OK in 33ms (Views: 30.9ms | ActiveRecord: 0.0ms)


Started GET "/" for ::1 at 2021-02-09 11:11:50 -0800
Processing by StaticPagesController#root as HTML
  Rendering static_pages/root.html.erb within layouts/application
  Rendered static_pages/root.html.erb within layouts/application (0.7ms)
Completed 200 OK in 20ms (Views: 18.6ms | ActiveRecord: 0.0ms)


Started GET "/" for ::1 at 2021-02-09 11:11:50 -0800
Processing by StaticPagesController#root as HTML
  Rendering static_pages/root.html.erb within layouts/application
  Rendered static_pages/root.html.erb within layouts/application (0.2ms)
Completed 200 OK in 20ms (Views: 18.6ms | ActiveRecord: 0.0ms)


Started GET "/" for ::1 at 2021-02-09 11:12:11 -0800
Processing by StaticPagesController#root as HTML
  Rendering static_pages/root.html.erb within layouts/application
  Rendered static_pages/root.html.erb within layouts/application (0.8ms)
Completed 200 OK in 222ms (Views: 216.9ms | ActiveRecord: 0.0ms)


Started GET "/" for ::1 at 2021-02-09 11:14:55 -0800
Processing by StaticPagesController#root as HTML
  Rendering static_pages/root.html.erb within layouts/application
  Rendered static_pages/root.html.erb within layouts/application (1.5ms)
Completed 200 OK in 279ms (Views: 272.5ms | ActiveRecord: 0.0ms)


Started GET "/" for ::1 at 2021-02-09 11:14:56 -0800
Processing by StaticPagesController#root as HTML
  Rendering static_pages/root.html.erb within layouts/application
  Rendered static_pages/root.html.erb within layouts/application (0.3ms)
Completed 200 OK in 47ms (Views: 41.8ms | ActiveRecord: 0.0ms)


Started GET "/" for ::1 at 2021-02-09 11:17:10 -0800
Processing by StaticPagesController#root as HTML
  Rendering static_pages/root.html.erb within layouts/application
  Rendered static_pages/root.html.erb within layouts/application (1.2ms)
Completed 200 OK in 283ms (Views: 276.3ms | ActiveRecord: 0.0ms)


Started GET "/" for ::1 at 2021-02-09 11:17:57 -0800
Processing by StaticPagesController#root as HTML
  Rendering static_pages/root.html.erb within layouts/application
  Rendered static_pages/root.html.erb within layouts/application (2.1ms)
Completed 200 OK in 247ms (Views: 242.4ms | ActiveRecord: 0.0ms)


Started GET "/" for ::1 at 2021-02-09 11:18:25 -0800
Processing by StaticPagesController#root as HTML
  Rendering static_pages/root.html.erb within layouts/application
  Rendered static_pages/root.html.erb within layouts/application (0.3ms)
Completed 200 OK in 232ms (Views: 230.7ms | ActiveRecord: 0.0ms)


Started GET "/" for ::1 at 2021-02-09 11:19:09 -0800
Processing by StaticPagesController#root as HTML
  Rendering static_pages/root.html.erb within layouts/application
  Rendered static_pages/root.html.erb within layouts/application (0.5ms)
Completed 200 OK in 222ms (Views: 217.6ms | ActiveRecord: 0.0ms)


Started GET "/" for ::1 at 2021-02-09 11:32:51 -0800
Processing by StaticPagesController#root as HTML
  Rendering static_pages/root.html.erb within layouts/application
  Rendered static_pages/root.html.erb within layouts/application (0.8ms)
Completed 200 OK in 279ms (Views: 273.6ms | ActiveRecord: 0.0ms)


Started GET "/" for ::1 at 2021-02-09 11:40:09 -0800
Processing by StaticPagesController#root as HTML
  Rendering static_pages/root.html.erb within layouts/application
  Rendered static_pages/root.html.erb within layouts/application (0.5ms)
Completed 200 OK in 304ms (Views: 300.6ms | ActiveRecord: 0.0ms)


Started GET "/" for ::1 at 2021-02-09 11:41:02 -0800
Processing by StaticPagesController#root as HTML
  Rendering static_pages/root.html.erb within layouts/application
  Rendered static_pages/root.html.erb within layouts/application (1.0ms)
Completed 200 OK in 182ms (Views: 176.7ms | ActiveRecord: 0.0ms)


Started GET "/" for ::1 at 2021-02-09 11:42:32 -0800
Processing by StaticPagesController#root as HTML
  Rendering static_pages/root.html.erb within layouts/application
  Rendered static_pages/root.html.erb within layouts/application (0.6ms)
Completed 200 OK in 264ms (Views: 260.5ms | ActiveRecord: 0.0ms)


Started GET "/" for ::1 at 2021-02-09 11:43:54 -0800
Processing by StaticPagesController#root as HTML
  Rendering static_pages/root.html.erb within layouts/application
  Rendered static_pages/root.html.erb within layouts/application (1.4ms)
Completed 200 OK in 247ms (Views: 239.9ms | ActiveRecord: 0.0ms)


Started POST "/api/user" for ::1 at 2021-02-09 11:44:05 -0800
Processing by Api::UsersController#create as JSON
  Parameters: {"user"=>{"username"=>"bob", "email"=>"bob@bob.com", "password"=>"[FILTERED]"}}
Can't verify CSRF token authenticity.
Completed 422 Unprocessable Entity in 1ms (ActiveRecord: 0.0ms)



ActionController::InvalidAuthenticityToken - ActionController::InvalidAuthenticityToken:

Started POST "/api/user" for ::1 at 2021-02-09 11:44:21 -0800
Processing by Api::UsersController#create as JSON
  Parameters: {"user"=>{"username"=>"bob", "email"=>"bob@bob.com", "password"=>"[FILTERED]"}}
Can't verify CSRF token authenticity.
Completed 422 Unprocessable Entity in 1ms (ActiveRecord: 0.0ms)



ActionController::InvalidAuthenticityToken - ActionController::InvalidAuthenticityToken:

Started GET "/" for ::1 at 2021-02-09 11:45:13 -0800
Processing by StaticPagesController#root as HTML
  Rendering static_pages/root.html.erb within layouts/application
  Rendered static_pages/root.html.erb within layouts/application (2.3ms)
Completed 200 OK in 292ms (Views: 283.9ms | ActiveRecord: 0.0ms)


Started GET "/" for ::1 at 2021-02-09 11:46:08 -0800
Processing by StaticPagesController#root as HTML
  Rendering static_pages/root.html.erb within layouts/application
  Rendered static_pages/root.html.erb within layouts/application (0.6ms)
Completed 200 OK in 260ms (Views: 254.5ms | ActiveRecord: 0.0ms)


Started POST "/api/user" for ::1 at 2021-02-09 11:46:17 -0800
Processing by Api::UsersController#create as JSON
  Parameters: {"user"=>{"username"=>"bob", "email"=>"bob@bob.com", "password"=>"[FILTERED]"}}
Can't verify CSRF token authenticity.
Completed 422 Unprocessable Entity in 1ms (ActiveRecord: 0.0ms)



ActionController::InvalidAuthenticityToken - ActionController::InvalidAuthenticityToken:

Started GET "/" for ::1 at 2021-02-09 11:49:41 -0800
Processing by StaticPagesController#root as HTML
  Rendering static_pages/root.html.erb within layouts/application
  Rendered static_pages/root.html.erb within layouts/application (1.2ms)
Completed 200 OK in 231ms (Views: 220.1ms | ActiveRecord: 0.0ms)


Started GET "/" for ::1 at 2021-02-09 11:50:02 -0800
  [1m[35m (3.5ms)[0m  [1m[34mSELECT "schema_migrations"."version" FROM "schema_migrations" ORDER BY "schema_migrations"."version" ASC[0m
  ↳ /Users/trevor/.rbenv/versions/2.5.1/lib/ruby/gems/2.5.0/gems/activerecord-5.2.4.4/lib/active_record/log_subscriber.rb:98
Processing by StaticPagesController#root as HTML
  Rendering static_pages/root.html.erb within layouts/application
  Rendered static_pages/root.html.erb within layouts/application (0.8ms)
Completed 200 OK in 1483ms (Views: 1481.2ms | ActiveRecord: 0.0ms)


Started POST "/api/user" for ::1 at 2021-02-09 11:50:14 -0800
Processing by Api::UsersController#create as JSON
  Parameters: {"user"=>{"username"=>"bob", "email"=>"bob@bob.com", "password"=>"[FILTERED]"}}
Completed 500 Internal Server Error in 45ms (ActiveRecord: 12.0ms)



NoMethodError - undefined method `after_intialize' for #<Class:0x00007fda2514c8f8>
Did you mean?  after_initialize:
  app/models/user.rb:6:in `<class:User>'
  app/models/user.rb:1:in `<top (required)>'
  app/controllers/api/users_controller.rb:4:in `create'

Started POST "/api/user" for ::1 at 2021-02-09 11:51:11 -0800
Processing by Api::UsersController#create as JSON
  Parameters: {"user"=>{"username"=>"bob", "email"=>"bob@bob.com", "password"=>"[FILTERED]"}}
Completed 500 Internal Server Error in 32ms (ActiveRecord: 5.9ms)



NoMethodError - undefined method `foreign_key' for #<Class:0x00007fda250eda38>:
  app/models/user.rb:10:in `<class:User>'
  app/models/user.rb:1:in `<top (required)>'
  app/controllers/api/users_controller.rb:4:in `create'

Started GET "/" for ::1 at 2021-02-09 11:51:13 -0800
Processing by StaticPagesController#root as HTML
  Rendering static_pages/root.html.erb within layouts/application
  Rendered static_pages/root.html.erb within layouts/application (0.4ms)
Completed 200 OK in 69ms (Views: 65.6ms | ActiveRecord: 0.0ms)


Started POST "/api/user" for ::1 at 2021-02-09 11:51:21 -0800
Processing by Api::UsersController#create as JSON
  Parameters: {"user"=>{"username"=>"bob ", "email"=>"bob@bob.com", "password"=>"[FILTERED]"}}
Completed 500 Internal Server Error in 36ms (ActiveRecord: 0.0ms)



NoMethodError - undefined method `foreign_key' for #<Class:0x00007fda24535330>:
  app/models/user.rb:10:in `<class:User>'
  app/models/user.rb:1:in `<top (required)>'
  app/controllers/api/users_controller.rb:4:in `create'

Started GET "/" for ::1 at 2021-02-09 11:51:55 -0800
Processing by StaticPagesController#root as HTML
  Rendering static_pages/root.html.erb within layouts/application
  Rendered static_pages/root.html.erb within layouts/application (0.6ms)
Completed 200 OK in 33ms (Views: 30.2ms | ActiveRecord: 0.0ms)


Started POST "/api/user" for ::1 at 2021-02-09 11:52:03 -0800
Processing by Api::UsersController#create as JSON
  Parameters: {"user"=>{"username"=>"bob", "email"=>"bob@bob.com", "password"=>"[FILTERED]"}}
Completed 500 Internal Server Error in 5ms (ActiveRecord: 0.0ms)



SyntaxError - syntax error, unexpected tSYMBEG, expecting keyword_do or '{' or '('
    foreign_key :reviewer_id,
                ^
/Users/trevor/Desktop/ForkFull/Forkfull/app/models/user.rb:14: syntax error, unexpected tSYMBEG, expecting keyword_do or '{' or '('
    foreign_key :reservation_id,
                ^:
  app/models/user.rb:10:in `'
  app/controllers/api/users_controller.rb:4:in `create'

Started GET "/" for ::1 at 2021-02-09 11:52:29 -0800
Processing by StaticPagesController#root as HTML
  Rendering static_pages/root.html.erb within layouts/application
  Rendered static_pages/root.html.erb within layouts/application (0.4ms)
Completed 200 OK in 32ms (Views: 29.7ms | ActiveRecord: 0.0ms)


Started POST "/api/user" for ::1 at 2021-02-09 11:52:41 -0800
Processing by Api::UsersController#create as JSON
  Parameters: {"user"=>{"username"=>"bob", "email"=>"bob@bob.com", "password"=>"[FILTERED]"}}
  [1m[35m (1.9ms)[0m  [1m[35mBEGIN[0m
  ↳ app/controllers/api/users_controller.rb:6
  [1m[36mUser Exists (9.5ms)[0m  [1m[34mSELECT  1 AS one FROM "users" WHERE "users"."email" = $1 LIMIT $2[0m  [["email", "bob@bob.com"], ["LIMIT", 1]]
  ↳ app/controllers/api/users_controller.rb:6
  [1m[36mUser Exists (0.4ms)[0m  [1m[34mSELECT  1 AS one FROM "users" WHERE "users"."session_token" = $1 LIMIT $2[0m  [["session_token", "2qRl/gSi7dCy5pb+NXTXqA=="], ["LIMIT", 1]]
  ↳ app/controllers/api/users_controller.rb:6
  [1m[35m (0.4ms)[0m  [1m[31mROLLBACK[0m
  ↳ app/controllers/api/users_controller.rb:6
Completed 500 Internal Server Error in 392ms (ActiveRecord: 48.6ms)



NoMethodError - undefined method `password' for #<User:0x00007fda253ac6c0>
Did you mean?  password=:
  app/controllers/api/users_controller.rb:6:in `create'

Started GET "/" for ::1 at 2021-02-09 11:53:17 -0800
Processing by StaticPagesController#root as HTML
  Rendering static_pages/root.html.erb within layouts/application
  Rendered static_pages/root.html.erb within layouts/application (0.4ms)
Completed 200 OK in 33ms (Views: 30.5ms | ActiveRecord: 0.0ms)


Started POST "/api/user" for ::1 at 2021-02-09 11:53:24 -0800
Processing by Api::UsersController#create as JSON
  Parameters: {"user"=>{"username"=>"bob", "email"=>"bob@bob.com", "password"=>"[FILTERED]"}}
  [1m[35m (0.3ms)[0m  [1m[35mBEGIN[0m
  ↳ app/controllers/api/users_controller.rb:6
  [1m[36mUser Exists (0.9ms)[0m  [1m[34mSELECT  1 AS one FROM "users" WHERE "users"."email" = $1 LIMIT $2[0m  [["email", "bob@bob.com"], ["LIMIT", 1]]
  ↳ app/controllers/api/users_controller.rb:6
  [1m[36mUser Exists (0.4ms)[0m  [1m[34mSELECT  1 AS one FROM "users" WHERE "users"."session_token" = $1 LIMIT $2[0m  [["session_token", "nyTvGo3oo6FgUvMenYPmTA=="], ["LIMIT", 1]]
  ↳ app/controllers/api/users_controller.rb:6
  [1m[36mUser Create (10.3ms)[0m  [1m[32mINSERT INTO "users" ("email", "username", "password_digest", "session_token", "created_at", "updated_at") VALUES ($1, $2, $3, $4, $5, $6) RETURNING "id"[0m  [["email", "bob@bob.com"], ["username", "bob"], ["password_digest", "$2a$12$HHfWamHG9TwrXDxcH/Wwp.qYZ4S/rHh9OxQQ.ZJ3K6.jw4KWU5cBy"], ["session_token", "nyTvGo3oo6FgUvMenYPmTA=="], ["created_at", "2021-02-09 19:53:25.214626"], ["updated_at", "2021-02-09 19:53:25.214626"]]
  ↳ app/controllers/api/users_controller.rb:6
  [1m[35m (1.0ms)[0m  [1m[35mCOMMIT[0m
  ↳ app/controllers/api/users_controller.rb:6
  [1m[35m (0.1ms)[0m  [1m[35mBEGIN[0m
  ↳ app/models/user.rb:42
  [1m[36mUser Exists (0.9ms)[0m  [1m[34mSELECT  1 AS one FROM "users" WHERE "users"."email" = $1 AND "users"."id" != $2 LIMIT $3[0m  [["email", "bob@bob.com"], ["id", 1], ["LIMIT", 1]]
  ↳ app/models/user.rb:42
  [1m[36mUser Exists (0.4ms)[0m  [1m[34mSELECT  1 AS one FROM "users" WHERE "users"."session_token" = $1 AND "users"."id" != $2 LIMIT $3[0m  [["session_token", "P4RImA9n75bCvw7SI0Jqqg=="], ["id", 1], ["LIMIT", 1]]
  ↳ app/models/user.rb:42
  [1m[36mUser Update (1.8ms)[0m  [1m[33mUPDATE "users" SET "session_token" = $1, "updated_at" = $2 WHERE "users"."id" = $3[0m  [["session_token", "P4RImA9n75bCvw7SI0Jqqg=="], ["updated_at", "2021-02-09 19:53:25.229132"], ["id", 1]]
  ↳ app/models/user.rb:42
  [1m[35m (0.3ms)[0m  [1m[35mCOMMIT[0m
  ↳ app/models/user.rb:42
Completed 500 Internal Server Error in 353ms (ActiveRecord: 30.8ms)



ActionView::MissingTemplate - Missing template api/users/show with {:locale=>[:en], :formats=>[:json], :variants=>[], :handlers=>[:raw, :erb, :html, :builder, :ruby, :coffee, :jbuilder]}. Searched in:
  * "/Users/trevor/Desktop/ForkFull/Forkfull/app/views":
  app/controllers/api/users_controller.rb:8:in `create'

Started GET "/" for ::1 at 2021-02-09 11:54:15 -0800
Processing by StaticPagesController#root as HTML
  Rendering static_pages/root.html.erb within layouts/application
  Rendered static_pages/root.html.erb within layouts/application (0.7ms)
Completed 200 OK in 49ms (Views: 45.0ms | ActiveRecord: 0.0ms)


Started POST "/api/user" for ::1 at 2021-02-09 11:54:26 -0800
Processing by Api::UsersController#create as JSON
  Parameters: {"user"=>{"username"=>"bob", "email"=>"bob@bob.com", "password"=>"[FILTERED]"}}
  [1m[35m (0.4ms)[0m  [1m[35mBEGIN[0m
  ↳ app/controllers/api/users_controller.rb:6
  [1m[36mUser Exists (0.9ms)[0m  [1m[34mSELECT  1 AS one FROM "users" WHERE "users"."email" = $1 LIMIT $2[0m  [["email", "bob@bob.com"], ["LIMIT", 1]]
  ↳ app/controllers/api/users_controller.rb:6
  [1m[36mUser Exists (0.7ms)[0m  [1m[34mSELECT  1 AS one FROM "users" WHERE "users"."session_token" = $1 LIMIT $2[0m  [["session_token", "EzVR1uirZeycUFSJ6PlLLg=="], ["LIMIT", 1]]
  ↳ app/controllers/api/users_controller.rb:6
  [1m[35m (0.7ms)[0m  [1m[31mROLLBACK[0m
  ↳ app/controllers/api/users_controller.rb:6
Completed 422 Unprocessable Entity in 305ms (Views: 0.1ms | ActiveRecord: 2.7ms)


Started POST "/api/user" for ::1 at 2021-02-09 11:55:01 -0800
Processing by Api::UsersController#create as JSON
  Parameters: {"user"=>{"username"=>"bob2", "email"=>"bob2@bob.com", "password"=>"[FILTERED]"}}
  [1m[35m (0.7ms)[0m  [1m[35mBEGIN[0m
  ↳ app/controllers/api/users_controller.rb:6
  [1m[36mUser Exists (1.2ms)[0m  [1m[34mSELECT  1 AS one FROM "users" WHERE "users"."email" = $1 LIMIT $2[0m  [["email", "bob2@bob.com"], ["LIMIT", 1]]
  ↳ app/controllers/api/users_controller.rb:6
  [1m[36mUser Exists (0.5ms)[0m  [1m[34mSELECT  1 AS one FROM "users" WHERE "users"."session_token" = $1 LIMIT $2[0m  [["session_token", "GC5QPh3W1VWQdnrvSf/7LQ=="], ["LIMIT", 1]]
  ↳ app/controllers/api/users_controller.rb:6
  [1m[36mUser Create (0.6ms)[0m  [1m[32mINSERT INTO "users" ("email", "username", "password_digest", "session_token", "created_at", "updated_at") VALUES ($1, $2, $3, $4, $5, $6) RETURNING "id"[0m  [["email", "bob2@bob.com"], ["username", "bob2"], ["password_digest", "$2a$12$/PKBZk/tbBiXDYAZi3EYdOaj6T33uB5.2Xk16nSOTTtjpBCnD9heK"], ["session_token", "GC5QPh3W1VWQdnrvSf/7LQ=="], ["created_at", "2021-02-09 19:55:01.376759"], ["updated_at", "2021-02-09 19:55:01.376759"]]
  ↳ app/controllers/api/users_controller.rb:6
  [1m[35m (0.6ms)[0m  [1m[35mCOMMIT[0m
  ↳ app/controllers/api/users_controller.rb:6
  [1m[35m (0.2ms)[0m  [1m[35mBEGIN[0m
  ↳ app/models/user.rb:42
  [1m[36mUser Exists (0.4ms)[0m  [1m[34mSELECT  1 AS one FROM "users" WHERE "users"."email" = $1 AND "users"."id" != $2 LIMIT $3[0m  [["email", "bob2@bob.com"], ["id", 2], ["LIMIT", 1]]
  ↳ app/models/user.rb:42
  [1m[36mUser Exists (0.3ms)[0m  [1m[34mSELECT  1 AS one FROM "users" WHERE "users"."session_token" = $1 AND "users"."id" != $2 LIMIT $3[0m  [["session_token", "SocMTEBkcUd9OPI0wA0K3g=="], ["id", 2], ["LIMIT", 1]]
  ↳ app/models/user.rb:42
  [1m[36mUser Update (0.7ms)[0m  [1m[33mUPDATE "users" SET "session_token" = $1, "updated_at" = $2 WHERE "users"."id" = $3[0m  [["session_token", "SocMTEBkcUd9OPI0wA0K3g=="], ["updated_at", "2021-02-09 19:55:01.380534"], ["id", 2]]
  ↳ app/models/user.rb:42
  [1m[35m (0.3ms)[0m  [1m[35mCOMMIT[0m
  ↳ app/models/user.rb:42
  Rendering api/users/show.json.jbuilder
  Rendered api/users/show.json.jbuilder (0.3ms)
Completed 200 OK in 306ms (Views: 4.2ms | ActiveRecord: 5.5ms)


Started GET "/" for ::1 at 2021-02-09 12:05:01 -0800
Processing by StaticPagesController#root as HTML
  Rendering static_pages/root.html.erb within layouts/application
  [1m[36mUser Load (9.8ms)[0m  [1m[34mSELECT  "users".* FROM "users" WHERE "users"."session_token" = $1 LIMIT $2[0m  [["session_token", "SocMTEBkcUd9OPI0wA0K3g=="], ["LIMIT", 1]]
  ↳ app/controllers/application_controller.rb:5
  Rendered static_pages/root.html.erb within layouts/application (59.1ms)
Completed 500 Internal Server Error in 76ms (ActiveRecord: 10.2ms)



ActionView::MissingTemplate - Missing partial api/users/_user.json.jbuilder with {:locale=>[:en], :formats=>[:html], :variants=>[], :handlers=>[:raw, :erb, :html, :builder, :ruby, :coffee, :jbuilder]}. Searched in:
  * "/Users/trevor/Desktop/ForkFull/Forkfull/app/views":
  app/views/static_pages/root.html.erb:3:in `_app_views_static_pages_root_html_erb__991485253848086685_70287451764460'

Started POST "/__better_errors/9ca846a9a2ecf8f4/variables" for ::1 at 2021-02-09 12:05:01 -0800
